2025-10-25 11:18:47,735 | INFO     | Logging initialized: output/analytics.log
2025-10-25 11:18:47,735 | INFO     | Starting pharmacy analytics pipeline
2025-10-25 11:18:47,740 | INFO     | Loaded 17 pharmacies from output-09482089-7f1b-4d36-a21f-4652ed460166.csv
2025-10-25 11:18:47,740 | INFO     | Total pharmacies loaded: 17
2025-10-25 11:18:47,741 | INFO     | Loaded 1000 claim from output-02fbd8f2-611e-4ffc-983e-a855d5ebec85.json
2025-10-25 11:18:47,742 | INFO     | Loaded 1000 claim from output-090ba3ff-50c8-4488-93ae-1762ab5acf22.json
2025-10-25 11:18:47,743 | INFO     | Loaded 1000 claim from output-a99085ad-642d-4740-9843-a05968716231.json
2025-10-25 11:18:47,744 | INFO     | Loaded 1000 claim from output-4e3750c3-969f-4b2e-89bf-702635a55711.json
2025-10-25 11:18:47,745 | INFO     | Loaded 1000 claim from output-d3b4f4d8-109f-4a98-9df4-ef50dd223aa2.json
2025-10-25 11:18:47,746 | INFO     | Loaded 1000 claim from output-f6320eed-35a7-46bb-8c57-59be6146e31f.json
2025-10-25 11:18:47,747 | INFO     | Loaded 1000 claim from output-a4872ad9-2116-4d1b-9228-2abe8bd21e41.json
2025-10-25 11:18:47,748 | INFO     | Loaded 1000 claim from output-d80bec82-2c1b-42cd-9d2a-033016dc54b9.json
2025-10-25 11:18:47,749 | INFO     | Loaded 1000 claim from output-02932f8f-81d1-4b42-a499-401ef5e74f09.json
2025-10-25 11:18:47,750 | INFO     | Loaded 1000 claim from output-23f3faad-bba5-4098-9e16-6bf1df7a3e93.json
2025-10-25 11:18:47,750 | INFO     | Loaded 1000 claim from output-2f620de6-8807-47bd-8034-13eec976c826.json
2025-10-25 11:18:47,751 | INFO     | Loaded 1000 claim from output-3e19894f-b470-435d-87e1-39c3ce020ee3.json
2025-10-25 11:18:47,752 | INFO     | Loaded 1000 claim from output-f4dbddbe-c013-4969-b4c4-7d3ead3a5d62.json
2025-10-25 11:18:47,753 | INFO     | Loaded 1000 claim from output-1504b68d-d01f-45b5-8440-a5d42e2f88f6.json
2025-10-25 11:18:47,754 | INFO     | Loaded 1000 claim from output-f8a05606-86a9-4637-b271-6641088a7c97.json
2025-10-25 11:18:47,754 | INFO     | Loaded 1000 claim from output-5e6aad02-fc33-4e1f-a86e-19e1acbc6025.json
2025-10-25 11:18:47,755 | INFO     | Loaded 1000 claim from output-d6e6b4b9-0adf-4912-b7cb-8af0191c1f4d.json
2025-10-25 11:18:47,756 | INFO     | Loaded 1000 claim from output-e78b882d-a997-4523-9515-11c2951aace3.json
2025-10-25 11:18:47,756 | INFO     | Loaded 1000 claim from output-4c52b7a1-8ac0-41a4-a9ad-93ac88880e03.json
2025-10-25 11:18:47,757 | INFO     | Loaded 1000 claim from output-7f5ac389-c136-41cf-ab44-3f429170e10d.json
2025-10-25 11:18:47,758 | INFO     | Loaded 1000 claim from output-47af1c8b-ff60-4374-b159-35aece43cf54.json
2025-10-25 11:18:47,759 | INFO     | Loaded 1000 claim from output-965e2b8b-0687-445e-b1e7-f52a5a7f9ac4.json
2025-10-25 11:18:47,759 | INFO     | Loaded 1000 claim from output-16a00719-232a-4a0a-8057-02c7f6638b4f.json
2025-10-25 11:18:47,760 | INFO     | Loaded 1000 claim from output-dd95488c-997a-4940-8d86-a1474b66c87b.json
2025-10-25 11:18:47,761 | INFO     | Loaded 1000 claim from output-101d2468-0ec1-4d6b-a8b8-6cd5be2fef41.json
2025-10-25 11:18:47,761 | INFO     | Loaded 76 claim from output-3df2d404-3b8e-41f7-ae92-de55a8f1e902.json
2025-10-25 11:18:47,762 | INFO     | Loaded 1000 claim from output-e0d81712-344e-4336-9bce-1240d8a446b1.json
2025-10-25 11:18:47,762 | INFO     | Loaded 1000 claim from output-c5965e34-e731-4e7c-aea9-ef214151e08e.json
2025-10-25 11:18:47,763 | INFO     | Loaded 5 revert from output-1d5d70e3-d417-4fea-970d-95c04c64e0d5.json
2025-10-25 11:18:47,763 | INFO     | Loaded 101 revert from output-5d5a2854-aaf3-460a-bf1a-4e8a90d50c65.json
2025-10-25 11:18:47,763 | INFO     | Loaded 101 revert from output-505e6824-36d3-4f6b-bb2e-4faaf11d7559.json
2025-10-25 11:18:47,764 | INFO     | Loaded 100 revert from output-bcaa2d45-be4e-43ec-af80-9645764a4bd6.json
2025-10-25 11:18:47,765 | INFO     | Dropped 6696 claims with unknown NPI
2025-10-25 11:18:47,768 | INFO     | Goal 2 → output/npi_metrics.json (150 rows)
2025-10-25 11:18:47,768 | INFO     | Computing Goal 3: recommendations
2025-10-25 11:18:47,774 | INFO     | Goal 3 → output/chain_recommendations.json (10 drugs)
2025-10-25 11:18:47,774 | INFO     | Computing Goal 4: quantities
2025-10-25 11:18:47,778 | INFO     | Goal 4 → output/quantity_insights.json (10 drugs)
2025-10-25 11:18:47,778 | INFO     | All goals completed.
2025-10-25 11:46:27,590 | INFO     | Logging initialized: output/analytics.log
2025-10-25 11:46:27,590 | INFO     | Starting pharmacy analytics pipeline
2025-10-25 11:46:27,594 | INFO     | Loaded 17 pharmacies from output-09482089-7f1b-4d36-a21f-4652ed460166.csv
2025-10-25 11:46:27,594 | INFO     | Total pharmacies loaded: 17
2025-10-25 11:46:27,596 | INFO     | Loaded 1000 claim from output-02fbd8f2-611e-4ffc-983e-a855d5ebec85.json
2025-10-25 11:46:27,597 | INFO     | Loaded 1000 claim from output-090ba3ff-50c8-4488-93ae-1762ab5acf22.json
2025-10-25 11:46:27,598 | INFO     | Loaded 1000 claim from output-a99085ad-642d-4740-9843-a05968716231.json
2025-10-25 11:46:27,599 | INFO     | Loaded 1000 claim from output-4e3750c3-969f-4b2e-89bf-702635a55711.json
2025-10-25 11:46:27,600 | INFO     | Loaded 1000 claim from output-d3b4f4d8-109f-4a98-9df4-ef50dd223aa2.json
2025-10-25 11:46:27,601 | INFO     | Loaded 1000 claim from output-f6320eed-35a7-46bb-8c57-59be6146e31f.json
2025-10-25 11:46:27,601 | INFO     | Loaded 1000 claim from output-a4872ad9-2116-4d1b-9228-2abe8bd21e41.json
2025-10-25 11:46:27,602 | INFO     | Loaded 1000 claim from output-d80bec82-2c1b-42cd-9d2a-033016dc54b9.json
2025-10-25 11:46:27,603 | INFO     | Loaded 1000 claim from output-02932f8f-81d1-4b42-a499-401ef5e74f09.json
2025-10-25 11:46:27,604 | INFO     | Loaded 1000 claim from output-23f3faad-bba5-4098-9e16-6bf1df7a3e93.json
2025-10-25 11:46:27,604 | INFO     | Loaded 1000 claim from output-2f620de6-8807-47bd-8034-13eec976c826.json
2025-10-25 11:46:27,605 | INFO     | Loaded 1000 claim from output-3e19894f-b470-435d-87e1-39c3ce020ee3.json
2025-10-25 11:46:27,606 | INFO     | Loaded 1000 claim from output-f4dbddbe-c013-4969-b4c4-7d3ead3a5d62.json
2025-10-25 11:46:27,607 | INFO     | Loaded 1000 claim from output-1504b68d-d01f-45b5-8440-a5d42e2f88f6.json
2025-10-25 11:46:27,608 | INFO     | Loaded 1000 claim from output-f8a05606-86a9-4637-b271-6641088a7c97.json
2025-10-25 11:46:27,608 | INFO     | Loaded 1000 claim from output-5e6aad02-fc33-4e1f-a86e-19e1acbc6025.json
2025-10-25 11:46:27,609 | INFO     | Loaded 1000 claim from output-d6e6b4b9-0adf-4912-b7cb-8af0191c1f4d.json
2025-10-25 11:46:27,610 | INFO     | Loaded 1000 claim from output-e78b882d-a997-4523-9515-11c2951aace3.json
2025-10-25 11:46:27,610 | INFO     | Loaded 1000 claim from output-4c52b7a1-8ac0-41a4-a9ad-93ac88880e03.json
2025-10-25 11:46:27,611 | INFO     | Loaded 1000 claim from output-7f5ac389-c136-41cf-ab44-3f429170e10d.json
2025-10-25 11:46:27,612 | INFO     | Loaded 1000 claim from output-47af1c8b-ff60-4374-b159-35aece43cf54.json
2025-10-25 11:46:27,612 | INFO     | Loaded 1000 claim from output-965e2b8b-0687-445e-b1e7-f52a5a7f9ac4.json
2025-10-25 11:46:27,613 | INFO     | Loaded 1000 claim from output-16a00719-232a-4a0a-8057-02c7f6638b4f.json
2025-10-25 11:46:27,614 | INFO     | Loaded 1000 claim from output-dd95488c-997a-4940-8d86-a1474b66c87b.json
2025-10-25 11:46:27,615 | INFO     | Loaded 1000 claim from output-101d2468-0ec1-4d6b-a8b8-6cd5be2fef41.json
2025-10-25 11:46:27,615 | INFO     | Loaded 76 claim from output-3df2d404-3b8e-41f7-ae92-de55a8f1e902.json
2025-10-25 11:46:27,616 | INFO     | Loaded 1000 claim from output-e0d81712-344e-4336-9bce-1240d8a446b1.json
2025-10-25 11:46:27,617 | INFO     | Loaded 1000 claim from output-c5965e34-e731-4e7c-aea9-ef214151e08e.json
2025-10-25 11:46:27,617 | INFO     | Loaded 5 revert from output-1d5d70e3-d417-4fea-970d-95c04c64e0d5.json
2025-10-25 11:46:27,617 | INFO     | Loaded 101 revert from output-5d5a2854-aaf3-460a-bf1a-4e8a90d50c65.json
2025-10-25 11:46:27,618 | INFO     | Loaded 101 revert from output-505e6824-36d3-4f6b-bb2e-4faaf11d7559.json
2025-10-25 11:46:27,618 | INFO     | Loaded 100 revert from output-bcaa2d45-be4e-43ec-af80-9645764a4bd6.json
2025-10-25 11:46:27,620 | INFO     | Dropped 6696 claims with unknown NPI
2025-10-25 11:46:27,623 | INFO     | Goal 2 → output/npi_metrics.json (150 rows)
2025-10-25 11:46:27,623 | INFO     | Computing Goal 3: recommendations
2025-10-25 11:46:27,628 | INFO     | Goal 3 → output/chain_recommendations.json (10 drugs)
2025-10-25 11:46:27,628 | INFO     | Computing Goal 4: quantities
2025-10-25 11:46:27,632 | INFO     | Goal 4 → output/quantity_insights.json (10 drugs)
2025-10-25 11:46:27,632 | INFO     | All goals completed.
